C:\Users\Егор\Documents\Visual Studio 2012\Projects\BD\Debug\System.Data.SQLite.dll
C:\Users\Егор\Documents\Visual Studio 2012\Projects\BD\BD\Debug\BD.MyForm.resources
C:\USERS\Егор\DOCUMENTS\VISUAL STUDIO 2012\PROJECTS\BD\BD\DEBUG\MYFORM.OBJ
C:\USERS\ЕГОР\DOCUMENTS\VISUAL STUDIO 2012\PROJECTS\BD\BD\DEBUG\VC110.PDB
C:\USERS\Егор\DOCUMENTS\VISUAL STUDIO 2012\PROJECTS\BD\BD\DEBUG\.NETFRAMEWORK,VERSION=V4.5.ASSEMBLYATTRIBUTES.OBJ
C:\USERS\Егор\DOCUMENTS\VISUAL STUDIO 2012\PROJECTS\BD\DEBUG\BD.ILK
C:\USERS\Егор\DOCUMENTS\VISUAL STUDIO 2012\PROJECTS\BD\DEBUG\BD.EXE
C:\USERS\ЕГОР\DOCUMENTS\VISUAL STUDIO 2012\PROJECTS\BD\DEBUG\BD.PDB
C:\USERS\ЕГОР\DOCUMENTS\VISUAL STUDIO 2012\PROJECTS\BD\BD\DEBUG\METAGEN.WRITE.1.TLOG
C:\Users\Егор\Documents\Visual Studio 2012\Projects\BD\BD\Debug\BD.vcxproj.GenerateResource.Cache
C:\Users\Егор\Documents\Visual Studio 2012\Projects\BD\BD\Debug\BD.vcxprojResolveAssemblyReference.cache
C:\Users\Егор\Documents\Visual Studio 2012\Projects\BD\BD\Debug\.NETFramework,Version=v4.5.AssemblyAttributes.obj
C:\Users\Егор\Documents\Visual Studio 2012\Projects\BD\BD\Debug\MyForm.obj
C:\Users\Егор\Documents\Visual Studio 2012\Projects\BD\BD\Debug\BD.write.1.tlog
C:\Users\Егор\Documents\Visual Studio 2012\Projects\BD\BD\Debug\cl.command.1.tlog
C:\Users\Егор\Documents\Visual Studio 2012\Projects\BD\BD\Debug\CL.read.1.tlog
C:\Users\Егор\Documents\Visual Studio 2012\Projects\BD\BD\Debug\CL.write.1.tlog
C:\Users\Егор\Documents\Visual Studio 2012\Projects\BD\BD\Debug\link.10300-cvtres.read.1.tlog
C:\Users\Егор\Documents\Visual Studio 2012\Projects\BD\BD\Debug\link.10300-cvtres.write.1.tlog
C:\Users\Егор\Documents\Visual Studio 2012\Projects\BD\BD\Debug\link.10300-rc.read.1.tlog
C:\Users\Егор\Documents\Visual Studio 2012\Projects\BD\BD\Debug\link.10300-rc.write.1.tlog
C:\Users\Егор\Documents\Visual Studio 2012\Projects\BD\BD\Debug\link.10300.read.1.tlog
C:\Users\Егор\Documents\Visual Studio 2012\Projects\BD\BD\Debug\link.10300.write.1.tlog
C:\Users\Егор\Documents\Visual Studio 2012\Projects\BD\BD\Debug\link.command.1.tlog
C:\Users\Егор\Documents\Visual Studio 2012\Projects\BD\BD\Debug\link.read.1.tlog
C:\Users\Егор\Documents\Visual Studio 2012\Projects\BD\BD\Debug\link.write.1.tlog
C:\Users\Егор\Documents\Visual Studio 2012\Projects\BD\BD\Debug\metagen.read.1.tlog
C:\Users\Егор\Documents\Visual Studio 2012\Projects\BD\BD\Debug\metagen.write.1.tlog
C:\Users\Егор\Documents\Visual Studio 2012\Projects\BD\BD\Debug\vc110.pdb
C:\Users\Егор\Documents\Visual Studio 2012\Projects\BD\BD\Debug\SYSTEM.DATA.SQLITE.DLL.metagen
C:\Users\Егор\Documents\Visual Studio 2012\Projects\BD\BD\Debug\RSAENH.DLL.bi
C:\Users\Егор\Documents\Visual Studio 2012\Projects\BD\BD\Debug\TZRES.DLL.bi
C:\Users\Егор\Documents\Visual Studio 2012\Projects\BD\Debug\BD.pdb
C:\Users\Егор\Documents\Visual Studio 2012\Projects\BD\Debug\BD.exe
C:\Users\Егор\Documents\Visual Studio 2012\Projects\BD\Debug\BD.ilk
